2025-12-06 14:29:05 - METHOD=GET
HEADERS:
Array
(
    [Host] => localhost
    [Connection] => keep-alive
    [sec-ch-ua] => "Chromium";v="142", "Google Chrome";v="142", "Not_A Brand";v="99"
    [sec-ch-ua-mobile] => ?0
    [sec-ch-ua-platform] => "Windows"
    [Upgrade-Insecure-Requests] => 1
    [User-Agent] => Mozilla/5.0 (Windows NT 10.0; Win64; x64) AppleWebKit/537.36 (KHTML, like Gecko) Chrome/142.0.0.0 Safari/537.36
    [Accept] => text/html,application/xhtml+xml,application/xml;q=0.9,image/avif,image/webp,image/apng,*/*;q=0.8,application/signed-exchange;v=b3;q=0.7
    [Sec-Fetch-Site] => none
    [Sec-Fetch-Mode] => navigate
    [Sec-Fetch-User] => ?1
    [Sec-Fetch-Dest] => document
    [Accept-Encoding] => gzip, deflate, br, zstd
    [Accept-Language] => en-US,en;q=0.9,ta;q=0.8
    [Cookie] => PHPSESSID=80ekm200i14hreo06sakbi3jcm
)

BODY:


2025-12-06 14:37:10 - METHOD=POST
HEADERS:
Array
(
    [User-Agent] => Mozilla/5.0 (Windows NT; Windows NT 10.0; en-US) WindowsPowerShell/5.1.19041.6392
    [Content-Type] => application/x-www-form-urlencoded
    [Host] => localhost
    [Content-Length] => 6
    [Expect] => 100-continue
    [Connection] => Keep-Alive
)

BODY:
test=1

